Script self: C:/Users/crist/Downloads/OSHPark-Eagle-Tools-master/OSHPark-Eagle-Tools-master/INSTALL.ulp
Script self dir: C:/Users/crist/Downloads/OSHPark-Eagle-Tools-master/OSHPark-Eagle-Tools-master/
File source dir: C:/Users/crist/Downloads/OSHPark-Eagle-Tools-master/OSHPark-Eagle-Tools-master/
ULP Dir: C:/Users/crist/Documents/EAGLE/ulps
SCR Dir: C:/Users/crist/Documents/EAGLE/scripts
BIN Dir: C:/EAGLE 9.6.1/
Found Eagle Version 9.600000
Checking oshpark-install.ulp and C:/Users/crist/Documents/EAGLE/ulps/oshpark-install.ulp 
> Identical! Do nothing...
Checking oshpark-update.ulp and C:/Users/crist/Documents/EAGLE/ulps/oshpark-update.ulp 
> Identical! Do nothing...
Checking oshpark-upload.ulp and C:/Users/crist/Documents/EAGLE/ulps/oshpark-upload.ulp 
> Identical! Do nothing...
Checking oshpark-utility-includes.ulp and C:/Users/crist/Documents/EAGLE/ulps/oshpark-utility-includes.ulp 
> Identical! Do nothing...
Checking oshpark.ulp and C:/Users/crist/Documents/EAGLE/ulps/oshpark.ulp 
> Identical! Do nothing...
Checking oshpark.png and C:/EAGLE 9.6.1//oshpark.png 
> Identical! Do nothing...
Checking oshpark-2layer-auto-routing.dru and C:/Users/crist/Documents/EAGLE/design rules/oshpark-2layer-auto-routing.dru 
> Identical! Do nothing...
Checking oshpark-2layer-tented.dru and C:/Users/crist/Documents/EAGLE/design rules/oshpark-2layer-tented.dru 
> Identical! Do nothing...
Checking oshpark-2layer.dru and C:/Users/crist/Documents/EAGLE/design rules/oshpark-2layer.dru 
> Identical! Do nothing...
Checking oshpark-4layer-tented.dru and C:/Users/crist/Documents/EAGLE/design rules/oshpark-4layer-tented.dru 
> Identical! Do nothing...
Checking oshpark-4layer.dru and C:/Users/crist/Documents/EAGLE/design rules/oshpark-4layer.dru 
> Identical! Do nothing...
Checking oshpark-2layer-with-milling-slot-paths.cam and C:/Users/crist/Documents/EAGLE/cam/oshpark-2layer-with-milling-slot-paths.cam 
> Identical! Do nothing...
Checking oshpark-2layer.cam and C:/Users/crist/Documents/EAGLE/cam/oshpark-2layer.cam 
> Identical! Do nothing...
Checking oshpark-4layer-with-milling-slot-paths.cam and C:/Users/crist/Documents/EAGLE/cam/oshpark-4layer-with-milling-slot-paths.cam 
> Identical! Do nothing...
Checking oshpark-4layer.cam and C:/Users/crist/Documents/EAGLE/cam/oshpark-4layer.cam 
> Identical! Do nothing...
Found a brd section from 8 to 18
?? MENU ' [oshpark.png]Oshpark{Upload PCB: RUN oshpark-upload.ulp;|Check for updates: RUN oshpark.ulp update;|Update and install:RUN oshpark.ulp update install;} '; ??
++ MENU ' [oshpark.png]Oshpark{Upload PCB: RUN oshpark-upload.ulp;|Check for updates: RUN oshpark.ulp update;|Update and install:RUN oshpark.ulp update install;} ';
 ++
Installing menu.!
>> MENU ' [oshpark.png]Oshpark{Upload PCB: RUN oshpark-upload.ulp;|Check for updates: RUN oshpark.ulp update;|Update and install:RUN oshpark.ulp update install;} ';

